<?xml version="1.0" encoding="UTF-8"?>
<!-- Generated by org.testng.reporters.JUnitXMLReporter -->
<testsuite ignored="3" hostname="DESKTOP-SQ1HPPK" failures="0" tests="1" name="regression test" time="56.639" errors="0" timestamp="2022-12-16T10:07:17 IST">
  <testcase classname="com.testng.examples.TestNGSeleniumDemo" name="verifySignup" time="0.065"/>
  <testcase classname="com.testng.examples.TestNGSeleniumDemo" name="verifyFooterSection" time="0.0">
    <ignored/>
  </testcase> <!-- verifyFooterSection -->
  <testcase classname="com.testng.examples.TestNGSeleniumDemo" name="verifyLoginPage" time="0.0">
    <ignored/>
  </testcase> <!-- verifyLoginPage -->
  <testcase classname="com.testng.examples.TestNGSeleniumDemo" name="verifyHomePage" time="0.0">
    <ignored/>
  </testcase> <!-- verifyHomePage -->
</testsuite> <!-- regression test -->
