<?xml version="1.0" encoding="UTF-8"?>
<!-- Generated by org.testng.reporters.JUnitXMLReporter -->
<testsuite ignored="0" hostname="DESKTOP-SQ1HPPK" failures="0" tests="4" name="Default test" time="41.526" errors="0" timestamp="2022-12-12T10:02:41 IST">
  <testcase classname="com.testng.examples.TestNGDemo" name="verifyFooterSection" time="0.019"/>
  <testcase classname="com.testng.examples.TestNGDemo" name="verifyHomePage" time="0.001"/>
  <testcase classname="com.testng.examples.TestNGDemo" name="verifyLoginPage" time="0.002"/>
  <testcase classname="com.testng.examples.TestNGDemo" name="verifySignup" time="0.002"/>
</testsuite> <!-- Default test -->
