<?xml version="1.0" encoding="UTF-8"?>
<!-- Generated by org.testng.reporters.JUnitXMLReporter -->
<testsuite ignored="0" hostname="DESKTOP-SQ1HPPK" failures="0" tests="2" name="Default test" time="26.098" errors="0" timestamp="2022-12-27T21:21:35 IST">
  <testcase classname="com.c.testng.demos.SeleniumListCollectionDemo" name="loadAppChrome" time="12.716"/>
  <testcase classname="com.c.testng.demos.SeleniumListCollectionDemo" name="loadAppEdge" time="13.317"/>
</testsuite> <!-- Default test -->
