<?xml version="1.0" encoding="UTF-8"?>
<testng-results ignored="0" total="1" passed="1" failed="0" skipped="0">
  <reporter-output>
  </reporter-output>
  <suite started-at="2023-01-10T21:34:29 IST" name="Default suite" finished-at="2023-01-10T21:36:30 IST" duration-ms="120997">
    <groups>
    </groups>
    <test started-at="2023-01-10T21:34:29 IST" name="Default test" finished-at="2023-01-10T21:36:30 IST" duration-ms="120997">
      <class name="com.io.ReadData">
        <test-method signature="launchAppFromPropsFile()[pri:0, instance:com.io.ReadData@4229bb3f]" started-at="2023-01-10T21:34:29 IST" name="launchAppFromPropsFile" finished-at="2023-01-10T21:36:30 IST" duration-ms="120934" status="PASS">
          <reporter-output>
          </reporter-output>
        </test-method> <!-- launchAppFromPropsFile -->
      </class> <!-- com.io.ReadData -->
    </test> <!-- Default test -->
  </suite> <!-- Default suite -->
</testng-results>
